<?xml version="1.0" encoding="UTF-8"?>
<!-- Generated by org.testng.reporters.JUnitReportReporter -->
<testsuite hostname="apples-MacBook-Pro-4.local" failures="0" tests="1" name="appium.FirstTest" time="13.511" errors="0" timestamp="2023-08-13T20:45:29 IST" skipped="0">
  <testcase classname="appium.FirstTest" name="firstTest" time="13.511"/>
  <system-out/>
</testsuite> <!-- appium.FirstTest -->
